<?xml version="1.0" encoding="UTF-8"?>
<testsuite xmlns:xsi="http://www.w3.org/2001/XMLSchema-instance" xsi:noNamespaceSchemaLocation="https://maven.apache.org/surefire/maven-surefire-plugin/xsd/surefire-test-report.xsd" version="3.0.2" name="com.github.tests.UserProfileTest" time="0.537" tests="2" errors="0" skipped="0" failures="0">
  <properties>
[...]
</properties>
  <testcase name="testGetUserProfile_InvalidToken(ExtentTest)" classname="com.github.tests.UserProfileTest" time="0.242">
    <system-out><![CDATA[2024-12-28T02:39:42.620+01:00  INFO 53050 --- [github-automation] [           main] t.c.s.AnnotationConfigContextLoaderUtils : Could not detect default configuration classes for test class [com.github.tests.UserProfileTest]: UserProfileTest does not declare any static, non-private, non-final, nested classes annotated with @Configuration.
2024-12-28T02:39:42.622+01:00  INFO 53050 --- [github-automation] [           main] .b.t.c.SpringBootTestContextBootstrapper : Found @SpringBootConfiguration com.github.GitHubAutomationApplication for test class com.github.tests.UserProfileTest
Test added to map: [engine:junit-jupiter]/[class:com.github.tests.UserProfileTest]/[method:testGetUserProfile_InvalidToken(com.aventstack.extentreports.ExtentTest)] -> testGetUserProfile_InvalidToken
{
    "message": "Bad credentials",
    "documentation_url": "https://docs.github.com/rest",
    "status": "401"
}
]]></system-out>
  </testcase>
  <testcase name="testGetUserProfile_Success(ExtentTest)" classname="com.github.tests.UserProfileTest" time="0.284">
    <system-out><![CDATA[Test added to map: [engine:junit-jupiter]/[class:com.github.tests.UserProfileTest]/[method:testGetUserProfile_Success(com.aventstack.extentreports.ExtentTest)] -> testGetUserProfile_Success
{
    "login": "mastalerzit",
    "id": 193018957,
    "node_id": "U_kgDOC4E8TQ",
    "avatar_url": "https://avatars.githubusercontent.com/u/193018957?v=4",
    "gravatar_id": "",
    "url": "https://api.github.com/users/mastalerzit",
    "html_url": "https://github.com/mastalerzit",
    "followers_url": "https://api.github.com/users/mastalerzit/followers",
    "following_url": "https://api.github.com/users/mastalerzit/following{/other_user}",
    "gists_url": "https://api.github.com/users/mastalerzit/gists{/gist_id}",
    "starred_url": "https://api.github.com/users/mastalerzit/starred{/owner}{/repo}",
    "subscriptions_url": "https://api.github.com/users/mastalerzit/subscriptions",
    "organizations_url": "https://api.github.com/users/mastalerzit/orgs",
    "repos_url": "https://api.github.com/users/mastalerzit/repos",
    "events_url": "https://api.github.com/users/mastalerzit/events{/privacy}",
    "received_events_url": "https://api.github.com/users/mastalerzit/received_events",
    "type": "User",
    "user_view_type": "private",
    "site_admin": false,
    "name": null,
    "company": null,
    "blog": "",
    "location": null,
    "email": null,
    "hireable": null,
    "bio": null,
    "twitter_username": null,
    "notification_email": null,
    "public_repos": 0,
    "public_gists": 0,
    "followers": 1,
    "following": 0,
    "created_at": "2024-12-27T21:44:50Z",
    "updated_at": "2024-12-27T21:45:05Z",
    "private_gists": 0,
    "total_private_repos": 0,
    "owned_private_repos": 0,
    "disk_usage": 0,
    "collaborators": 0,
    "two_factor_authentication": false,
    "plan": {
        "name": "free",
        "space": 976562499,
        "collaborators": 0,
        "private_repos": 10000
    }
}
]]></system-out>
  </testcase>
</testsuite>