<?xml version="1.0" encoding="UTF-8"?>
<testsuite xmlns:xsi="http://www.w3.org/2001/XMLSchema-instance" xsi:noNamespaceSchemaLocation="https://maven.apache.org/surefire/maven-surefire-plugin/xsd/surefire-test-report.xsd" version="3.0.2" name="com.github.tests.DeleteRepositoryTest" time="7.367" tests="3" errors="0" skipped="0" failures="0">
  <properties>
[...]
</properties>
  <testcase name="testDeleteNonExistentRepository(ExtentTest)" classname="com.github.tests.DeleteRepositoryTest" time="2.038">
    <system-out><![CDATA[ExtentSparkReporter initialized and attached.
Standard Commons Logging discovery in action with spring-jcl: please remove commons-logging.jar from classpath in order to avoid potential conflicts
02:39:31.714 [main] INFO org.springframework.test.context.support.AnnotationConfigContextLoaderUtils -- Could not detect default configuration classes for test class [com.github.tests.DeleteRepositoryTest]: DeleteRepositoryTest does not declare any static, non-private, non-final, nested classes annotated with @Configuration.
02:39:31.787 [main] INFO org.springframework.boot.test.context.SpringBootTestContextBootstrapper -- Found @SpringBootConfiguration com.github.GitHubAutomationApplication for test class com.github.tests.DeleteRepositoryTest

  .   ____          _            __ _ _
 /\\ / ___'_ __ _ _(_)_ __  __ _ \ \ \ \
( ( )\___ | '_ | '_| | '_ \/ _` | \ \ \ \
 \\/  ___)| |_)| | | | | || (_| |  ) ) ) )
  '  |____| .__|_| |_|_| |_\__, | / / / /
 =========|_|==============|___/=/_/_/_/

 :: Spring Boot ::                (v3.4.1)

2024-12-28T02:39:32.029+01:00  WARN 53050 --- [github-automation] [           main] ory$DuplicateJsonObjectContextCustomizer : 

Found multiple occurrences of org.json.JSONObject on the class path:

	jar:file:/Users/aras88/.m2/repository/org/json/json/20220320/json-20220320.jar!/org/json/JSONObject.class
	jar:file:/Users/aras88/.m2/repository/com/vaadin/external/google/android-json/0.0.20131108.vaadin1/android-json-0.0.20131108.vaadin1.jar!/org/json/JSONObject.class

You may wish to exclude one of them to ensure predictable runtime behavior

2024-12-28T02:39:32.040+01:00  INFO 53050 --- [github-automation] [           main] com.github.tests.DeleteRepositoryTest    : Starting DeleteRepositoryTest using Java 21.0.1 with PID 53050 (started by aras88 in /Users/aras88/GitHub/github-automation)
2024-12-28T02:39:32.041+01:00  INFO 53050 --- [github-automation] [           main] com.github.tests.DeleteRepositoryTest    : No active profile set, falling back to 1 default profile: "default"
2024-12-28T02:39:32.868+01:00  INFO 53050 --- [github-automation] [           main] com.github.tests.DeleteRepositoryTest    : Started DeleteRepositoryTest in 1.001 seconds (process running for 1.751)
Test added to map: [engine:junit-jupiter]/[class:com.github.tests.DeleteRepositoryTest]/[method:testDeleteNonExistentRepository(com.aventstack.extentreports.ExtentTest)] -> testDeleteNonExistentRepository_Failure
[
    
]
{
    "message": "Not Found",
    "documentation_url": "https://docs.github.com/rest/repos/repos#delete-a-repository",
    "status": "404"
}
]]></system-out>
    <system-err><![CDATA[Mockito is currently self-attaching to enable the inline-mock-maker. This will no longer work in future releases of the JDK. Please add Mockito as an agent to your build what is described in Mockito's documentation: https://javadoc.io/doc/org.mockito/mockito-core/latest/org/mockito/Mockito.html#0.3
WARNING: A Java agent has been loaded dynamically (/Users/aras88/.m2/repository/net/bytebuddy/byte-buddy-agent/1.15.11/byte-buddy-agent-1.15.11.jar)
WARNING: If a serviceability tool is in use, please run with -XX:+EnableDynamicAgentLoading to hide this warning
WARNING: If a serviceability tool is not in use, please run with -Djdk.instrument.traceUsage for more information
WARNING: Dynamic loading of agents will be disallowed by default in a future release
]]></system-err>
  </testcase>
  <testcase name="testDeleteRepository(ExtentTest)" classname="com.github.tests.DeleteRepositoryTest" time="2.124">
    <system-out><![CDATA[Test added to map: [engine:junit-jupiter]/[class:com.github.tests.DeleteRepositoryTest]/[method:testDeleteRepository(com.aventstack.extentreports.ExtentTest)] -> testDeleteRepository_Success
{
    "id": 909194007,
    "node_id": "R_kgDONjEzFw",
    "name": "test-repo-096d72",
    "full_name": "mastalerzit/test-repo-096d72",
    "private": false,
    "owner": {
        "login": "mastalerzit",
        "id": 193018957,
        "node_id": "U_kgDOC4E8TQ",
        "avatar_url": "https://avatars.githubusercontent.com/u/193018957?v=4",
        "gravatar_id": "",
        "url": "https://api.github.com/users/mastalerzit",
        "html_url": "https://github.com/mastalerzit",
        "followers_url": "https://api.github.com/users/mastalerzit/followers",
        "following_url": "https://api.github.com/users/mastalerzit/following{/other_user}",
        "gists_url": "https://api.github.com/users/mastalerzit/gists{/gist_id}",
        "starred_url": "https://api.github.com/users/mastalerzit/starred{/owner}{/repo}",
        "subscriptions_url": "https://api.github.com/users/mastalerzit/subscriptions",
        "organizations_url": "https://api.github.com/users/mastalerzit/orgs",
        "repos_url": "https://api.github.com/users/mastalerzit/repos",
        "events_url": "https://api.github.com/users/mastalerzit/events{/privacy}",
        "received_events_url": "https://api.github.com/users/mastalerzit/received_events",
        "type": "User",
        "user_view_type": "public",
        "site_admin": false
    },
    "html_url": "https://github.com/mastalerzit/test-repo-096d72",
    "description": "Repository created for deletion test",
    "fork": false,
    "url": "https://api.github.com/repos/mastalerzit/test-repo-096d72",
    "forks_url": "https://api.github.com/repos/mastalerzit/test-repo-096d72/forks",
    "keys_url": "https://api.github.com/repos/mastalerzit/test-repo-096d72/keys{/key_id}",
    "collaborators_url": "https://api.github.com/repos/mastalerzit/test-repo-096d72/collaborators{/collaborator}",
    "teams_url": "https://api.github.com/repos/mastalerzit/test-repo-096d72/teams",
    "hooks_url": "https://api.github.com/repos/mastalerzit/test-repo-096d72/hooks",
    "issue_events_url": "https://api.github.com/repos/mastalerzit/test-repo-096d72/issues/events{/number}",
    "events_url": "https://api.github.com/repos/mastalerzit/test-repo-096d72/events",
    "assignees_url": "https://api.github.com/repos/mastalerzit/test-repo-096d72/assignees{/user}",
    "branches_url": "https://api.github.com/repos/mastalerzit/test-repo-096d72/branches{/branch}",
    "tags_url": "https://api.github.com/repos/mastalerzit/test-repo-096d72/tags",
    "blobs_url": "https://api.github.com/repos/mastalerzit/test-repo-096d72/git/blobs{/sha}",
    "git_tags_url": "https://api.github.com/repos/mastalerzit/test-repo-096d72/git/tags{/sha}",
    "git_refs_url": "https://api.github.com/repos/mastalerzit/test-repo-096d72/git/refs{/sha}",
    "trees_url": "https://api.github.com/repos/mastalerzit/test-repo-096d72/git/trees{/sha}",
    "statuses_url": "https://api.github.com/repos/mastalerzit/test-repo-096d72/statuses/{sha}",
    "languages_url": "https://api.github.com/repos/mastalerzit/test-repo-096d72/languages",
    "stargazers_url": "https://api.github.com/repos/mastalerzit/test-repo-096d72/stargazers",
    "contributors_url": "https://api.github.com/repos/mastalerzit/test-repo-096d72/contributors",
    "subscribers_url": "https://api.github.com/repos/mastalerzit/test-repo-096d72/subscribers",
    "subscription_url": "https://api.github.com/repos/mastalerzit/test-repo-096d72/subscription",
    "commits_url": "https://api.github.com/repos/mastalerzit/test-repo-096d72/commits{/sha}",
    "git_commits_url": "https://api.github.com/repos/mastalerzit/test-repo-096d72/git/commits{/sha}",
    "comments_url": "https://api.github.com/repos/mastalerzit/test-repo-096d72/comments{/number}",
    "issue_comment_url": "https://api.github.com/repos/mastalerzit/test-repo-096d72/issues/comments{/number}",
    "contents_url": "https://api.github.com/repos/mastalerzit/test-repo-096d72/contents/{+path}",
    "compare_url": "https://api.github.com/repos/mastalerzit/test-repo-096d72/compare/{base}...{head}",
    "merges_url": "https://api.github.com/repos/mastalerzit/test-repo-096d72/merges",
    "archive_url": "https://api.github.com/repos/mastalerzit/test-repo-096d72/{archive_format}{/ref}",
    "downloads_url": "https://api.github.com/repos/mastalerzit/test-repo-096d72/downloads",
    "issues_url": "https://api.github.com/repos/mastalerzit/test-repo-096d72/issues{/number}",
    "pulls_url": "https://api.github.com/repos/mastalerzit/test-repo-096d72/pulls{/number}",
    "milestones_url": "https://api.github.com/repos/mastalerzit/test-repo-096d72/milestones{/number}",
    "notifications_url": "https://api.github.com/repos/mastalerzit/test-repo-096d72/notifications{?since,all,participating}",
    "labels_url": "https://api.github.com/repos/mastalerzit/test-repo-096d72/labels{/name}",
    "releases_url": "https://api.github.com/repos/mastalerzit/test-repo-096d72/releases{/id}",
    "deployments_url": "https://api.github.com/repos/mastalerzit/test-repo-096d72/deployments",
    "created_at": "2024-12-28T01:39:35Z",
    "updated_at": "2024-12-28T01:39:35Z",
    "pushed_at": "2024-12-28T01:39:35Z",
    "git_url": "git://github.com/mastalerzit/test-repo-096d72.git",
    "ssh_url": "git@github.com:mastalerzit/test-repo-096d72.git",
    "clone_url": "https://github.com/mastalerzit/test-repo-096d72.git",
    "svn_url": "https://github.com/mastalerzit/test-repo-096d72",
    "homepage": null,
    "size": 0,
    "stargazers_count": 0,
    "watchers_count": 0,
    "language": null,
    "has_issues": true,
    "has_projects": true,
    "has_downloads": true,
    "has_wiki": true,
    "has_pages": false,
    "has_discussions": false,
    "forks_count": 0,
    "mirror_url": null,
    "archived": false,
    "disabled": false,
    "open_issues_count": 0,
    "license": null,
    "allow_forking": true,
    "is_template": false,
    "web_commit_signoff_required": false,
    "topics": [
        
    ],
    "visibility": "public",
    "forks": 0,
    "open_issues": 0,
    "watchers": 0,
    "default_branch": "main",
    "permissions": {
        "admin": true,
        "maintain": true,
        "push": true,
        "triage": true,
        "pull": true
    },
    "allow_squash_merge": true,
    "allow_merge_commit": true,
    "allow_rebase_merge": true,
    "allow_auto_merge": false,
    "delete_branch_on_merge": false,
    "allow_update_branch": false,
    "use_squash_pr_title_as_default": false,
    "squash_merge_commit_message": "COMMIT_MESSAGES",
    "squash_merge_commit_title": "COMMIT_OR_PR_TITLE",
    "merge_commit_message": "PR_TITLE",
    "merge_commit_title": "MERGE_MESSAGE",
    "network_count": 0,
    "subscribers_count": 0
}

[
    
]
{
    "message": "Not Found",
    "documentation_url": "https://docs.github.com/rest/repos/repos#delete-a-repository",
    "status": "404"
}
]]></system-out>
  </testcase>
  <testcase name="testDeleteRepositoryWithoutAuthorization(ExtentTest)" classname="com.github.tests.DeleteRepositoryTest" time="1.922">
    <system-out><![CDATA[Test added to map: [engine:junit-jupiter]/[class:com.github.tests.DeleteRepositoryTest]/[method:testDeleteRepositoryWithoutAuthorization(com.aventstack.extentreports.ExtentTest)] -> testDeleteRepositoryWithoutAuthorization_Failure
{
    "id": 909194013,
    "node_id": "R_kgDONjEzHQ",
    "name": "test-repo-190990",
    "full_name": "mastalerzit/test-repo-190990",
    "private": false,
    "owner": {
        "login": "mastalerzit",
        "id": 193018957,
        "node_id": "U_kgDOC4E8TQ",
        "avatar_url": "https://avatars.githubusercontent.com/u/193018957?v=4",
        "gravatar_id": "",
        "url": "https://api.github.com/users/mastalerzit",
        "html_url": "https://github.com/mastalerzit",
        "followers_url": "https://api.github.com/users/mastalerzit/followers",
        "following_url": "https://api.github.com/users/mastalerzit/following{/other_user}",
        "gists_url": "https://api.github.com/users/mastalerzit/gists{/gist_id}",
        "starred_url": "https://api.github.com/users/mastalerzit/starred{/owner}{/repo}",
        "subscriptions_url": "https://api.github.com/users/mastalerzit/subscriptions",
        "organizations_url": "https://api.github.com/users/mastalerzit/orgs",
        "repos_url": "https://api.github.com/users/mastalerzit/repos",
        "events_url": "https://api.github.com/users/mastalerzit/events{/privacy}",
        "received_events_url": "https://api.github.com/users/mastalerzit/received_events",
        "type": "User",
        "user_view_type": "public",
        "site_admin": false
    },
    "html_url": "https://github.com/mastalerzit/test-repo-190990",
    "description": "Repository created for unauthorized deletion test",
    "fork": false,
    "url": "https://api.github.com/repos/mastalerzit/test-repo-190990",
    "forks_url": "https://api.github.com/repos/mastalerzit/test-repo-190990/forks",
    "keys_url": "https://api.github.com/repos/mastalerzit/test-repo-190990/keys{/key_id}",
    "collaborators_url": "https://api.github.com/repos/mastalerzit/test-repo-190990/collaborators{/collaborator}",
    "teams_url": "https://api.github.com/repos/mastalerzit/test-repo-190990/teams",
    "hooks_url": "https://api.github.com/repos/mastalerzit/test-repo-190990/hooks",
    "issue_events_url": "https://api.github.com/repos/mastalerzit/test-repo-190990/issues/events{/number}",
    "events_url": "https://api.github.com/repos/mastalerzit/test-repo-190990/events",
    "assignees_url": "https://api.github.com/repos/mastalerzit/test-repo-190990/assignees{/user}",
    "branches_url": "https://api.github.com/repos/mastalerzit/test-repo-190990/branches{/branch}",
    "tags_url": "https://api.github.com/repos/mastalerzit/test-repo-190990/tags",
    "blobs_url": "https://api.github.com/repos/mastalerzit/test-repo-190990/git/blobs{/sha}",
    "git_tags_url": "https://api.github.com/repos/mastalerzit/test-repo-190990/git/tags{/sha}",
    "git_refs_url": "https://api.github.com/repos/mastalerzit/test-repo-190990/git/refs{/sha}",
    "trees_url": "https://api.github.com/repos/mastalerzit/test-repo-190990/git/trees{/sha}",
    "statuses_url": "https://api.github.com/repos/mastalerzit/test-repo-190990/statuses/{sha}",
    "languages_url": "https://api.github.com/repos/mastalerzit/test-repo-190990/languages",
    "stargazers_url": "https://api.github.com/repos/mastalerzit/test-repo-190990/stargazers",
    "contributors_url": "https://api.github.com/repos/mastalerzit/test-repo-190990/contributors",
    "subscribers_url": "https://api.github.com/repos/mastalerzit/test-repo-190990/subscribers",
    "subscription_url": "https://api.github.com/repos/mastalerzit/test-repo-190990/subscription",
    "commits_url": "https://api.github.com/repos/mastalerzit/test-repo-190990/commits{/sha}",
    "git_commits_url": "https://api.github.com/repos/mastalerzit/test-repo-190990/git/commits{/sha}",
    "comments_url": "https://api.github.com/repos/mastalerzit/test-repo-190990/comments{/number}",
    "issue_comment_url": "https://api.github.com/repos/mastalerzit/test-repo-190990/issues/comments{/number}",
    "contents_url": "https://api.github.com/repos/mastalerzit/test-repo-190990/contents/{+path}",
    "compare_url": "https://api.github.com/repos/mastalerzit/test-repo-190990/compare/{base}...{head}",
    "merges_url": "https://api.github.com/repos/mastalerzit/test-repo-190990/merges",
    "archive_url": "https://api.github.com/repos/mastalerzit/test-repo-190990/{archive_format}{/ref}",
    "downloads_url": "https://api.github.com/repos/mastalerzit/test-repo-190990/downloads",
    "issues_url": "https://api.github.com/repos/mastalerzit/test-repo-190990/issues{/number}",
    "pulls_url": "https://api.github.com/repos/mastalerzit/test-repo-190990/pulls{/number}",
    "milestones_url": "https://api.github.com/repos/mastalerzit/test-repo-190990/milestones{/number}",
    "notifications_url": "https://api.github.com/repos/mastalerzit/test-repo-190990/notifications{?since,all,participating}",
    "labels_url": "https://api.github.com/repos/mastalerzit/test-repo-190990/labels{/name}",
    "releases_url": "https://api.github.com/repos/mastalerzit/test-repo-190990/releases{/id}",
    "deployments_url": "https://api.github.com/repos/mastalerzit/test-repo-190990/deployments",
    "created_at": "2024-12-28T01:39:37Z",
    "updated_at": "2024-12-28T01:39:37Z",
    "pushed_at": "2024-12-28T01:39:37Z",
    "git_url": "git://github.com/mastalerzit/test-repo-190990.git",
    "ssh_url": "git@github.com:mastalerzit/test-repo-190990.git",
    "clone_url": "https://github.com/mastalerzit/test-repo-190990.git",
    "svn_url": "https://github.com/mastalerzit/test-repo-190990",
    "homepage": null,
    "size": 0,
    "stargazers_count": 0,
    "watchers_count": 0,
    "language": null,
    "has_issues": true,
    "has_projects": true,
    "has_downloads": true,
    "has_wiki": true,
    "has_pages": false,
    "has_discussions": false,
    "forks_count": 0,
    "mirror_url": null,
    "archived": false,
    "disabled": false,
    "open_issues_count": 0,
    "license": null,
    "allow_forking": true,
    "is_template": false,
    "web_commit_signoff_required": false,
    "topics": [
        
    ],
    "visibility": "public",
    "forks": 0,
    "open_issues": 0,
    "watchers": 0,
    "default_branch": "main",
    "permissions": {
        "admin": true,
        "maintain": true,
        "push": true,
        "triage": true,
        "pull": true
    },
    "allow_squash_merge": true,
    "allow_merge_commit": true,
    "allow_rebase_merge": true,
    "allow_auto_merge": false,
    "delete_branch_on_merge": false,
    "allow_update_branch": false,
    "use_squash_pr_title_as_default": false,
    "squash_merge_commit_message": "COMMIT_MESSAGES",
    "squash_merge_commit_title": "COMMIT_OR_PR_TITLE",
    "merge_commit_message": "PR_TITLE",
    "merge_commit_title": "MERGE_MESSAGE",
    "network_count": 0,
    "subscribers_count": 0
}
{
    "message": "Bad credentials",
    "documentation_url": "https://docs.github.com/rest",
    "status": "401"
}

]]></system-out>
  </testcase>
</testsuite>