<?xml version="1.0" encoding="UTF-8"?>
<testsuite xmlns:xsi="http://www.w3.org/2001/XMLSchema-instance" xsi:noNamespaceSchemaLocation="https://maven.apache.org/surefire/maven-surefire-plugin/xsd/surefire-test-report.xsd" version="3.0.2" name="com.github.tests.CreateIssueTest" time="6.43" tests="4" errors="0" skipped="0" failures="0">
  <properties>
[...]
</properties>
  <testcase name="testCreateIssueWithoutTitle(ExtentTest)" classname="com.github.tests.CreateIssueTest" time="1.887">
    <system-out><![CDATA[2024-12-28T02:39:43.158+01:00  INFO 53050 --- [github-automation] [           main] t.c.s.AnnotationConfigContextLoaderUtils : Could not detect default configuration classes for test class [com.github.tests.CreateIssueTest]: CreateIssueTest does not declare any static, non-private, non-final, nested classes annotated with @Configuration.
2024-12-28T02:39:43.159+01:00  INFO 53050 --- [github-automation] [           main] .b.t.c.SpringBootTestContextBootstrapper : Found @SpringBootConfiguration com.github.GitHubAutomationApplication for test class com.github.tests.CreateIssueTest
Test added to map: [engine:junit-jupiter]/[class:com.github.tests.CreateIssueTest]/[method:testCreateIssueWithoutTitle(com.aventstack.extentreports.ExtentTest)] -> testCreateIssueWithoutTitle_Failure
{
    "id": 909194033,
    "node_id": "R_kgDONjEzMQ",
    "name": "test-repo-0b7c890f",
    "full_name": "mastalerzit/test-repo-0b7c890f",
    "private": false,
    "owner": {
        "login": "mastalerzit",
        "id": 193018957,
        "node_id": "U_kgDOC4E8TQ",
        "avatar_url": "https://avatars.githubusercontent.com/u/193018957?v=4",
        "gravatar_id": "",
        "url": "https://api.github.com/users/mastalerzit",
        "html_url": "https://github.com/mastalerzit",
        "followers_url": "https://api.github.com/users/mastalerzit/followers",
        "following_url": "https://api.github.com/users/mastalerzit/following{/other_user}",
        "gists_url": "https://api.github.com/users/mastalerzit/gists{/gist_id}",
        "starred_url": "https://api.github.com/users/mastalerzit/starred{/owner}{/repo}",
        "subscriptions_url": "https://api.github.com/users/mastalerzit/subscriptions",
        "organizations_url": "https://api.github.com/users/mastalerzit/orgs",
        "repos_url": "https://api.github.com/users/mastalerzit/repos",
        "events_url": "https://api.github.com/users/mastalerzit/events{/privacy}",
        "received_events_url": "https://api.github.com/users/mastalerzit/received_events",
        "type": "User",
        "user_view_type": "public",
        "site_admin": false
    },
    "html_url": "https://github.com/mastalerzit/test-repo-0b7c890f",
    "description": "Repository created for issue test",
    "fork": false,
    "url": "https://api.github.com/repos/mastalerzit/test-repo-0b7c890f",
    "forks_url": "https://api.github.com/repos/mastalerzit/test-repo-0b7c890f/forks",
    "keys_url": "https://api.github.com/repos/mastalerzit/test-repo-0b7c890f/keys{/key_id}",
    "collaborators_url": "https://api.github.com/repos/mastalerzit/test-repo-0b7c890f/collaborators{/collaborator}",
    "teams_url": "https://api.github.com/repos/mastalerzit/test-repo-0b7c890f/teams",
    "hooks_url": "https://api.github.com/repos/mastalerzit/test-repo-0b7c890f/hooks",
    "issue_events_url": "https://api.github.com/repos/mastalerzit/test-repo-0b7c890f/issues/events{/number}",
    "events_url": "https://api.github.com/repos/mastalerzit/test-repo-0b7c890f/events",
    "assignees_url": "https://api.github.com/repos/mastalerzit/test-repo-0b7c890f/assignees{/user}",
    "branches_url": "https://api.github.com/repos/mastalerzit/test-repo-0b7c890f/branches{/branch}",
    "tags_url": "https://api.github.com/repos/mastalerzit/test-repo-0b7c890f/tags",
    "blobs_url": "https://api.github.com/repos/mastalerzit/test-repo-0b7c890f/git/blobs{/sha}",
    "git_tags_url": "https://api.github.com/repos/mastalerzit/test-repo-0b7c890f/git/tags{/sha}",
    "git_refs_url": "https://api.github.com/repos/mastalerzit/test-repo-0b7c890f/git/refs{/sha}",
    "trees_url": "https://api.github.com/repos/mastalerzit/test-repo-0b7c890f/git/trees{/sha}",
    "statuses_url": "https://api.github.com/repos/mastalerzit/test-repo-0b7c890f/statuses/{sha}",
    "languages_url": "https://api.github.com/repos/mastalerzit/test-repo-0b7c890f/languages",
    "stargazers_url": "https://api.github.com/repos/mastalerzit/test-repo-0b7c890f/stargazers",
    "contributors_url": "https://api.github.com/repos/mastalerzit/test-repo-0b7c890f/contributors",
    "subscribers_url": "https://api.github.com/repos/mastalerzit/test-repo-0b7c890f/subscribers",
    "subscription_url": "https://api.github.com/repos/mastalerzit/test-repo-0b7c890f/subscription",
    "commits_url": "https://api.github.com/repos/mastalerzit/test-repo-0b7c890f/commits{/sha}",
    "git_commits_url": "https://api.github.com/repos/mastalerzit/test-repo-0b7c890f/git/commits{/sha}",
    "comments_url": "https://api.github.com/repos/mastalerzit/test-repo-0b7c890f/comments{/number}",
    "issue_comment_url": "https://api.github.com/repos/mastalerzit/test-repo-0b7c890f/issues/comments{/number}",
    "contents_url": "https://api.github.com/repos/mastalerzit/test-repo-0b7c890f/contents/{+path}",
    "compare_url": "https://api.github.com/repos/mastalerzit/test-repo-0b7c890f/compare/{base}...{head}",
    "merges_url": "https://api.github.com/repos/mastalerzit/test-repo-0b7c890f/merges",
    "archive_url": "https://api.github.com/repos/mastalerzit/test-repo-0b7c890f/{archive_format}{/ref}",
    "downloads_url": "https://api.github.com/repos/mastalerzit/test-repo-0b7c890f/downloads",
    "issues_url": "https://api.github.com/repos/mastalerzit/test-repo-0b7c890f/issues{/number}",
    "pulls_url": "https://api.github.com/repos/mastalerzit/test-repo-0b7c890f/pulls{/number}",
    "milestones_url": "https://api.github.com/repos/mastalerzit/test-repo-0b7c890f/milestones{/number}",
    "notifications_url": "https://api.github.com/repos/mastalerzit/test-repo-0b7c890f/notifications{?since,all,participating}",
    "labels_url": "https://api.github.com/repos/mastalerzit/test-repo-0b7c890f/labels{/name}",
    "releases_url": "https://api.github.com/repos/mastalerzit/test-repo-0b7c890f/releases{/id}",
    "deployments_url": "https://api.github.com/repos/mastalerzit/test-repo-0b7c890f/deployments",
    "created_at": "2024-12-28T01:39:43Z",
    "updated_at": "2024-12-28T01:39:43Z",
    "pushed_at": "2024-12-28T01:39:43Z",
    "git_url": "git://github.com/mastalerzit/test-repo-0b7c890f.git",
    "ssh_url": "git@github.com:mastalerzit/test-repo-0b7c890f.git",
    "clone_url": "https://github.com/mastalerzit/test-repo-0b7c890f.git",
    "svn_url": "https://github.com/mastalerzit/test-repo-0b7c890f",
    "homepage": null,
    "size": 0,
    "stargazers_count": 0,
    "watchers_count": 0,
    "language": null,
    "has_issues": true,
    "has_projects": true,
    "has_downloads": true,
    "has_wiki": true,
    "has_pages": false,
    "has_discussions": false,
    "forks_count": 0,
    "mirror_url": null,
    "archived": false,
    "disabled": false,
    "open_issues_count": 0,
    "license": null,
    "allow_forking": true,
    "is_template": false,
    "web_commit_signoff_required": false,
    "topics": [
        
    ],
    "visibility": "public",
    "forks": 0,
    "open_issues": 0,
    "watchers": 0,
    "default_branch": "main",
    "permissions": {
        "admin": true,
        "maintain": true,
        "push": true,
        "triage": true,
        "pull": true
    },
    "allow_squash_merge": true,
    "allow_merge_commit": true,
    "allow_rebase_merge": true,
    "allow_auto_merge": false,
    "delete_branch_on_merge": false,
    "allow_update_branch": false,
    "use_squash_pr_title_as_default": false,
    "squash_merge_commit_message": "COMMIT_MESSAGES",
    "squash_merge_commit_title": "COMMIT_OR_PR_TITLE",
    "merge_commit_message": "PR_TITLE",
    "merge_commit_title": "MERGE_MESSAGE",
    "network_count": 0,
    "subscribers_count": 0
}
{
    "message": "Validation Failed",
    "errors": [
        {
            "resource": "Issue",
            "code": "missing_field",
            "field": "title"
        }
    ],
    "documentation_url": "https://docs.github.com/rest/issues/issues#create-an-issue",
    "status": "422"
}

]]></system-out>
  </testcase>
  <testcase name="testCreateIssue(ExtentTest)" classname="com.github.tests.CreateIssueTest" time="2.551">
    <system-out><![CDATA[Test added to map: [engine:junit-jupiter]/[class:com.github.tests.CreateIssueTest]/[method:testCreateIssue(com.aventstack.extentreports.ExtentTest)] -> testCreateIssue_Success
{
    "id": 909194041,
    "node_id": "R_kgDONjEzOQ",
    "name": "test-repo-7a49007d",
    "full_name": "mastalerzit/test-repo-7a49007d",
    "private": false,
    "owner": {
        "login": "mastalerzit",
        "id": 193018957,
        "node_id": "U_kgDOC4E8TQ",
        "avatar_url": "https://avatars.githubusercontent.com/u/193018957?v=4",
        "gravatar_id": "",
        "url": "https://api.github.com/users/mastalerzit",
        "html_url": "https://github.com/mastalerzit",
        "followers_url": "https://api.github.com/users/mastalerzit/followers",
        "following_url": "https://api.github.com/users/mastalerzit/following{/other_user}",
        "gists_url": "https://api.github.com/users/mastalerzit/gists{/gist_id}",
        "starred_url": "https://api.github.com/users/mastalerzit/starred{/owner}{/repo}",
        "subscriptions_url": "https://api.github.com/users/mastalerzit/subscriptions",
        "organizations_url": "https://api.github.com/users/mastalerzit/orgs",
        "repos_url": "https://api.github.com/users/mastalerzit/repos",
        "events_url": "https://api.github.com/users/mastalerzit/events{/privacy}",
        "received_events_url": "https://api.github.com/users/mastalerzit/received_events",
        "type": "User",
        "user_view_type": "public",
        "site_admin": false
    },
    "html_url": "https://github.com/mastalerzit/test-repo-7a49007d",
    "description": "Repository created for issue test",
    "fork": false,
    "url": "https://api.github.com/repos/mastalerzit/test-repo-7a49007d",
    "forks_url": "https://api.github.com/repos/mastalerzit/test-repo-7a49007d/forks",
    "keys_url": "https://api.github.com/repos/mastalerzit/test-repo-7a49007d/keys{/key_id}",
    "collaborators_url": "https://api.github.com/repos/mastalerzit/test-repo-7a49007d/collaborators{/collaborator}",
    "teams_url": "https://api.github.com/repos/mastalerzit/test-repo-7a49007d/teams",
    "hooks_url": "https://api.github.com/repos/mastalerzit/test-repo-7a49007d/hooks",
    "issue_events_url": "https://api.github.com/repos/mastalerzit/test-repo-7a49007d/issues/events{/number}",
    "events_url": "https://api.github.com/repos/mastalerzit/test-repo-7a49007d/events",
    "assignees_url": "https://api.github.com/repos/mastalerzit/test-repo-7a49007d/assignees{/user}",
    "branches_url": "https://api.github.com/repos/mastalerzit/test-repo-7a49007d/branches{/branch}",
    "tags_url": "https://api.github.com/repos/mastalerzit/test-repo-7a49007d/tags",
    "blobs_url": "https://api.github.com/repos/mastalerzit/test-repo-7a49007d/git/blobs{/sha}",
    "git_tags_url": "https://api.github.com/repos/mastalerzit/test-repo-7a49007d/git/tags{/sha}",
    "git_refs_url": "https://api.github.com/repos/mastalerzit/test-repo-7a49007d/git/refs{/sha}",
    "trees_url": "https://api.github.com/repos/mastalerzit/test-repo-7a49007d/git/trees{/sha}",
    "statuses_url": "https://api.github.com/repos/mastalerzit/test-repo-7a49007d/statuses/{sha}",
    "languages_url": "https://api.github.com/repos/mastalerzit/test-repo-7a49007d/languages",
    "stargazers_url": "https://api.github.com/repos/mastalerzit/test-repo-7a49007d/stargazers",
    "contributors_url": "https://api.github.com/repos/mastalerzit/test-repo-7a49007d/contributors",
    "subscribers_url": "https://api.github.com/repos/mastalerzit/test-repo-7a49007d/subscribers",
    "subscription_url": "https://api.github.com/repos/mastalerzit/test-repo-7a49007d/subscription",
    "commits_url": "https://api.github.com/repos/mastalerzit/test-repo-7a49007d/commits{/sha}",
    "git_commits_url": "https://api.github.com/repos/mastalerzit/test-repo-7a49007d/git/commits{/sha}",
    "comments_url": "https://api.github.com/repos/mastalerzit/test-repo-7a49007d/comments{/number}",
    "issue_comment_url": "https://api.github.com/repos/mastalerzit/test-repo-7a49007d/issues/comments{/number}",
    "contents_url": "https://api.github.com/repos/mastalerzit/test-repo-7a49007d/contents/{+path}",
    "compare_url": "https://api.github.com/repos/mastalerzit/test-repo-7a49007d/compare/{base}...{head}",
    "merges_url": "https://api.github.com/repos/mastalerzit/test-repo-7a49007d/merges",
    "archive_url": "https://api.github.com/repos/mastalerzit/test-repo-7a49007d/{archive_format}{/ref}",
    "downloads_url": "https://api.github.com/repos/mastalerzit/test-repo-7a49007d/downloads",
    "issues_url": "https://api.github.com/repos/mastalerzit/test-repo-7a49007d/issues{/number}",
    "pulls_url": "https://api.github.com/repos/mastalerzit/test-repo-7a49007d/pulls{/number}",
    "milestones_url": "https://api.github.com/repos/mastalerzit/test-repo-7a49007d/milestones{/number}",
    "notifications_url": "https://api.github.com/repos/mastalerzit/test-repo-7a49007d/notifications{?since,all,participating}",
    "labels_url": "https://api.github.com/repos/mastalerzit/test-repo-7a49007d/labels{/name}",
    "releases_url": "https://api.github.com/repos/mastalerzit/test-repo-7a49007d/releases{/id}",
    "deployments_url": "https://api.github.com/repos/mastalerzit/test-repo-7a49007d/deployments",
    "created_at": "2024-12-28T01:39:45Z",
    "updated_at": "2024-12-28T01:39:45Z",
    "pushed_at": "2024-12-28T01:39:45Z",
    "git_url": "git://github.com/mastalerzit/test-repo-7a49007d.git",
    "ssh_url": "git@github.com:mastalerzit/test-repo-7a49007d.git",
    "clone_url": "https://github.com/mastalerzit/test-repo-7a49007d.git",
    "svn_url": "https://github.com/mastalerzit/test-repo-7a49007d",
    "homepage": null,
    "size": 0,
    "stargazers_count": 0,
    "watchers_count": 0,
    "language": null,
    "has_issues": true,
    "has_projects": true,
    "has_downloads": true,
    "has_wiki": true,
    "has_pages": false,
    "has_discussions": false,
    "forks_count": 0,
    "mirror_url": null,
    "archived": false,
    "disabled": false,
    "open_issues_count": 0,
    "license": null,
    "allow_forking": true,
    "is_template": false,
    "web_commit_signoff_required": false,
    "topics": [
        
    ],
    "visibility": "public",
    "forks": 0,
    "open_issues": 0,
    "watchers": 0,
    "default_branch": "main",
    "permissions": {
        "admin": true,
        "maintain": true,
        "push": true,
        "triage": true,
        "pull": true
    },
    "allow_squash_merge": true,
    "allow_merge_commit": true,
    "allow_rebase_merge": true,
    "allow_auto_merge": false,
    "delete_branch_on_merge": false,
    "allow_update_branch": false,
    "use_squash_pr_title_as_default": false,
    "squash_merge_commit_message": "COMMIT_MESSAGES",
    "squash_merge_commit_title": "COMMIT_OR_PR_TITLE",
    "merge_commit_message": "PR_TITLE",
    "merge_commit_title": "MERGE_MESSAGE",
    "network_count": 0,
    "subscribers_count": 0
}
{
    "url": "https://api.github.com/repos/mastalerzit/test-repo-7a49007d/issues/1",
    "repository_url": "https://api.github.com/repos/mastalerzit/test-repo-7a49007d",
    "labels_url": "https://api.github.com/repos/mastalerzit/test-repo-7a49007d/issues/1/labels{/name}",
    "comments_url": "https://api.github.com/repos/mastalerzit/test-repo-7a49007d/issues/1/comments",
    "events_url": "https://api.github.com/repos/mastalerzit/test-repo-7a49007d/issues/1/events",
    "html_url": "https://github.com/mastalerzit/test-repo-7a49007d/issues/1",
    "id": 2761388616,
    "node_id": "I_kwDONjEzOc6kl3JI",
    "number": 1,
    "title": "Test Issue JUnit 5 - 3a010d",
    "user": {
        "login": "mastalerzit",
        "id": 193018957,
        "node_id": "U_kgDOC4E8TQ",
        "avatar_url": "https://avatars.githubusercontent.com/u/193018957?v=4",
        "gravatar_id": "",
        "url": "https://api.github.com/users/mastalerzit",
        "html_url": "https://github.com/mastalerzit",
        "followers_url": "https://api.github.com/users/mastalerzit/followers",
        "following_url": "https://api.github.com/users/mastalerzit/following{/other_user}",
        "gists_url": "https://api.github.com/users/mastalerzit/gists{/gist_id}",
        "starred_url": "https://api.github.com/users/mastalerzit/starred{/owner}{/repo}",
        "subscriptions_url": "https://api.github.com/users/mastalerzit/subscriptions",
        "organizations_url": "https://api.github.com/users/mastalerzit/orgs",
        "repos_url": "https://api.github.com/users/mastalerzit/repos",
        "events_url": "https://api.github.com/users/mastalerzit/events{/privacy}",
        "received_events_url": "https://api.github.com/users/mastalerzit/received_events",
        "type": "User",
        "user_view_type": "public",
        "site_admin": false
    },
    "labels": [
        
    ],
    "state": "open",
    "locked": false,
    "assignee": null,
    "assignees": [
        
    ],
    "milestone": null,
    "comments": 0,
    "created_at": "2024-12-28T01:39:46Z",
    "updated_at": "2024-12-28T01:39:46Z",
    "closed_at": null,
    "author_association": "OWNER",
    "active_lock_reason": null,
    "body": "This is a sample issue created by a JUnit 5 test.",
    "closed_by": null,
    "reactions": {
        "url": "https://api.github.com/repos/mastalerzit/test-repo-7a49007d/issues/1/reactions",
        "total_count": 0,
        "+1": 0,
        "-1": 0,
        "laugh": 0,
        "hooray": 0,
        "confused": 0,
        "heart": 0,
        "rocket": 0,
        "eyes": 0
    },
    "timeline_url": "https://api.github.com/repos/mastalerzit/test-repo-7a49007d/issues/1/timeline",
    "performed_via_github_app": null,
    "state_reason": null
}
{
    "url": "https://api.github.com/repos/mastalerzit/test-repo-7a49007d/issues/1",
    "repository_url": "https://api.github.com/repos/mastalerzit/test-repo-7a49007d",
    "labels_url": "https://api.github.com/repos/mastalerzit/test-repo-7a49007d/issues/1/labels{/name}",
    "comments_url": "https://api.github.com/repos/mastalerzit/test-repo-7a49007d/issues/1/comments",
    "events_url": "https://api.github.com/repos/mastalerzit/test-repo-7a49007d/issues/1/events",
    "html_url": "https://github.com/mastalerzit/test-repo-7a49007d/issues/1",
    "id": 2761388616,
    "node_id": "I_kwDONjEzOc6kl3JI",
    "number": 1,
    "title": "Test Issue JUnit 5 - 3a010d",
    "user": {
        "login": "mastalerzit",
        "id": 193018957,
        "node_id": "U_kgDOC4E8TQ",
        "avatar_url": "https://avatars.githubusercontent.com/u/193018957?v=4",
        "gravatar_id": "",
        "url": "https://api.github.com/users/mastalerzit",
        "html_url": "https://github.com/mastalerzit",
        "followers_url": "https://api.github.com/users/mastalerzit/followers",
        "following_url": "https://api.github.com/users/mastalerzit/following{/other_user}",
        "gists_url": "https://api.github.com/users/mastalerzit/gists{/gist_id}",
        "starred_url": "https://api.github.com/users/mastalerzit/starred{/owner}{/repo}",
        "subscriptions_url": "https://api.github.com/users/mastalerzit/subscriptions",
        "organizations_url": "https://api.github.com/users/mastalerzit/orgs",
        "repos_url": "https://api.github.com/users/mastalerzit/repos",
        "events_url": "https://api.github.com/users/mastalerzit/events{/privacy}",
        "received_events_url": "https://api.github.com/users/mastalerzit/received_events",
        "type": "User",
        "user_view_type": "public",
        "site_admin": false
    },
    "labels": [
        
    ],
    "state": "closed",
    "locked": false,
    "assignee": null,
    "assignees": [
        
    ],
    "milestone": null,
    "comments": 0,
    "created_at": "2024-12-28T01:39:46Z",
    "updated_at": "2024-12-28T01:39:46Z",
    "closed_at": "2024-12-28T01:39:46Z",
    "author_association": "OWNER",
    "active_lock_reason": null,
    "body": "This is a sample issue created by a JUnit 5 test.",
    "closed_by": {
        "login": "mastalerzit",
        "id": 193018957,
        "node_id": "U_kgDOC4E8TQ",
        "avatar_url": "https://avatars.githubusercontent.com/u/193018957?v=4",
        "gravatar_id": "",
        "url": "https://api.github.com/users/mastalerzit",
        "html_url": "https://github.com/mastalerzit",
        "followers_url": "https://api.github.com/users/mastalerzit/followers",
        "following_url": "https://api.github.com/users/mastalerzit/following{/other_user}",
        "gists_url": "https://api.github.com/users/mastalerzit/gists{/gist_id}",
        "starred_url": "https://api.github.com/users/mastalerzit/starred{/owner}{/repo}",
        "subscriptions_url": "https://api.github.com/users/mastalerzit/subscriptions",
        "organizations_url": "https://api.github.com/users/mastalerzit/orgs",
        "repos_url": "https://api.github.com/users/mastalerzit/repos",
        "events_url": "https://api.github.com/users/mastalerzit/events{/privacy}",
        "received_events_url": "https://api.github.com/users/mastalerzit/received_events",
        "type": "User",
        "user_view_type": "public",
        "site_admin": false
    },
    "reactions": {
        "url": "https://api.github.com/repos/mastalerzit/test-repo-7a49007d/issues/1/reactions",
        "total_count": 0,
        "+1": 0,
        "-1": 0,
        "laugh": 0,
        "hooray": 0,
        "confused": 0,
        "heart": 0,
        "rocket": 0,
        "eyes": 0
    },
    "timeline_url": "https://api.github.com/repos/mastalerzit/test-repo-7a49007d/issues/1/timeline",
    "performed_via_github_app": null,
    "state_reason": "completed"
}

]]></system-out>
  </testcase>
  <testcase name="testCreateIssueWithoutAuthorization_Failure(ExtentTest)" classname="com.github.tests.CreateIssueTest" time="1.601">
    <system-out><![CDATA[Test added to map: [engine:junit-jupiter]/[class:com.github.tests.CreateIssueTest]/[method:testCreateIssueWithoutAuthorization_Failure(com.aventstack.extentreports.ExtentTest)] -> testCreateIssueWithoutAuthorization_Failure
{
    "id": 909194051,
    "node_id": "R_kgDONjEzQw",
    "name": "test-repo-7a6e4b",
    "full_name": "mastalerzit/test-repo-7a6e4b",
    "private": false,
    "owner": {
        "login": "mastalerzit",
        "id": 193018957,
        "node_id": "U_kgDOC4E8TQ",
        "avatar_url": "https://avatars.githubusercontent.com/u/193018957?v=4",
        "gravatar_id": "",
        "url": "https://api.github.com/users/mastalerzit",
        "html_url": "https://github.com/mastalerzit",
        "followers_url": "https://api.github.com/users/mastalerzit/followers",
        "following_url": "https://api.github.com/users/mastalerzit/following{/other_user}",
        "gists_url": "https://api.github.com/users/mastalerzit/gists{/gist_id}",
        "starred_url": "https://api.github.com/users/mastalerzit/starred{/owner}{/repo}",
        "subscriptions_url": "https://api.github.com/users/mastalerzit/subscriptions",
        "organizations_url": "https://api.github.com/users/mastalerzit/orgs",
        "repos_url": "https://api.github.com/users/mastalerzit/repos",
        "events_url": "https://api.github.com/users/mastalerzit/events{/privacy}",
        "received_events_url": "https://api.github.com/users/mastalerzit/received_events",
        "type": "User",
        "user_view_type": "public",
        "site_admin": false
    },
    "html_url": "https://github.com/mastalerzit/test-repo-7a6e4b",
    "description": "Repository created for unauthorized issue creation test",
    "fork": false,
    "url": "https://api.github.com/repos/mastalerzit/test-repo-7a6e4b",
    "forks_url": "https://api.github.com/repos/mastalerzit/test-repo-7a6e4b/forks",
    "keys_url": "https://api.github.com/repos/mastalerzit/test-repo-7a6e4b/keys{/key_id}",
    "collaborators_url": "https://api.github.com/repos/mastalerzit/test-repo-7a6e4b/collaborators{/collaborator}",
    "teams_url": "https://api.github.com/repos/mastalerzit/test-repo-7a6e4b/teams",
    "hooks_url": "https://api.github.com/repos/mastalerzit/test-repo-7a6e4b/hooks",
    "issue_events_url": "https://api.github.com/repos/mastalerzit/test-repo-7a6e4b/issues/events{/number}",
    "events_url": "https://api.github.com/repos/mastalerzit/test-repo-7a6e4b/events",
    "assignees_url": "https://api.github.com/repos/mastalerzit/test-repo-7a6e4b/assignees{/user}",
    "branches_url": "https://api.github.com/repos/mastalerzit/test-repo-7a6e4b/branches{/branch}",
    "tags_url": "https://api.github.com/repos/mastalerzit/test-repo-7a6e4b/tags",
    "blobs_url": "https://api.github.com/repos/mastalerzit/test-repo-7a6e4b/git/blobs{/sha}",
    "git_tags_url": "https://api.github.com/repos/mastalerzit/test-repo-7a6e4b/git/tags{/sha}",
    "git_refs_url": "https://api.github.com/repos/mastalerzit/test-repo-7a6e4b/git/refs{/sha}",
    "trees_url": "https://api.github.com/repos/mastalerzit/test-repo-7a6e4b/git/trees{/sha}",
    "statuses_url": "https://api.github.com/repos/mastalerzit/test-repo-7a6e4b/statuses/{sha}",
    "languages_url": "https://api.github.com/repos/mastalerzit/test-repo-7a6e4b/languages",
    "stargazers_url": "https://api.github.com/repos/mastalerzit/test-repo-7a6e4b/stargazers",
    "contributors_url": "https://api.github.com/repos/mastalerzit/test-repo-7a6e4b/contributors",
    "subscribers_url": "https://api.github.com/repos/mastalerzit/test-repo-7a6e4b/subscribers",
    "subscription_url": "https://api.github.com/repos/mastalerzit/test-repo-7a6e4b/subscription",
    "commits_url": "https://api.github.com/repos/mastalerzit/test-repo-7a6e4b/commits{/sha}",
    "git_commits_url": "https://api.github.com/repos/mastalerzit/test-repo-7a6e4b/git/commits{/sha}",
    "comments_url": "https://api.github.com/repos/mastalerzit/test-repo-7a6e4b/comments{/number}",
    "issue_comment_url": "https://api.github.com/repos/mastalerzit/test-repo-7a6e4b/issues/comments{/number}",
    "contents_url": "https://api.github.com/repos/mastalerzit/test-repo-7a6e4b/contents/{+path}",
    "compare_url": "https://api.github.com/repos/mastalerzit/test-repo-7a6e4b/compare/{base}...{head}",
    "merges_url": "https://api.github.com/repos/mastalerzit/test-repo-7a6e4b/merges",
    "archive_url": "https://api.github.com/repos/mastalerzit/test-repo-7a6e4b/{archive_format}{/ref}",
    "downloads_url": "https://api.github.com/repos/mastalerzit/test-repo-7a6e4b/downloads",
    "issues_url": "https://api.github.com/repos/mastalerzit/test-repo-7a6e4b/issues{/number}",
    "pulls_url": "https://api.github.com/repos/mastalerzit/test-repo-7a6e4b/pulls{/number}",
    "milestones_url": "https://api.github.com/repos/mastalerzit/test-repo-7a6e4b/milestones{/number}",
    "notifications_url": "https://api.github.com/repos/mastalerzit/test-repo-7a6e4b/notifications{?since,all,participating}",
    "labels_url": "https://api.github.com/repos/mastalerzit/test-repo-7a6e4b/labels{/name}",
    "releases_url": "https://api.github.com/repos/mastalerzit/test-repo-7a6e4b/releases{/id}",
    "deployments_url": "https://api.github.com/repos/mastalerzit/test-repo-7a6e4b/deployments",
    "created_at": "2024-12-28T01:39:47Z",
    "updated_at": "2024-12-28T01:39:48Z",
    "pushed_at": "2024-12-28T01:39:48Z",
    "git_url": "git://github.com/mastalerzit/test-repo-7a6e4b.git",
    "ssh_url": "git@github.com:mastalerzit/test-repo-7a6e4b.git",
    "clone_url": "https://github.com/mastalerzit/test-repo-7a6e4b.git",
    "svn_url": "https://github.com/mastalerzit/test-repo-7a6e4b",
    "homepage": null,
    "size": 0,
    "stargazers_count": 0,
    "watchers_count": 0,
    "language": null,
    "has_issues": true,
    "has_projects": true,
    "has_downloads": true,
    "has_wiki": true,
    "has_pages": false,
    "has_discussions": false,
    "forks_count": 0,
    "mirror_url": null,
    "archived": false,
    "disabled": false,
    "open_issues_count": 0,
    "license": null,
    "allow_forking": true,
    "is_template": false,
    "web_commit_signoff_required": false,
    "topics": [
        
    ],
    "visibility": "public",
    "forks": 0,
    "open_issues": 0,
    "watchers": 0,
    "default_branch": "main",
    "permissions": {
        "admin": true,
        "maintain": true,
        "push": true,
        "triage": true,
        "pull": true
    },
    "allow_squash_merge": true,
    "allow_merge_commit": true,
    "allow_rebase_merge": true,
    "allow_auto_merge": false,
    "delete_branch_on_merge": false,
    "allow_update_branch": false,
    "use_squash_pr_title_as_default": false,
    "squash_merge_commit_message": "COMMIT_MESSAGES",
    "squash_merge_commit_title": "COMMIT_OR_PR_TITLE",
    "merge_commit_message": "PR_TITLE",
    "merge_commit_title": "MERGE_MESSAGE",
    "network_count": 0,
    "subscribers_count": 0
}
{
    "message": "Bad credentials",
    "documentation_url": "https://docs.github.com/rest",
    "status": "401"
}

]]></system-out>
  </testcase>
  <testcase name="testCreateIssueInNonExistentRepository_Failure(ExtentTest)" classname="com.github.tests.CreateIssueTest" time="0.381">
    <system-out><![CDATA[Test added to map: [engine:junit-jupiter]/[class:com.github.tests.CreateIssueTest]/[method:testCreateIssueInNonExistentRepository_Failure(com.aventstack.extentreports.ExtentTest)] -> testCreateIssueInNonExistentRepository_Failure
{
    "message": "Not Found",
    "documentation_url": "https://docs.github.com/rest/issues/issues#create-an-issue",
    "status": "404"
}
]]></system-out>
  </testcase>
</testsuite>