<?xml version="1.0" encoding="UTF-8"?>
<testsuite xmlns:xsi="http://www.w3.org/2001/XMLSchema-instance" xsi:noNamespaceSchemaLocation="https://maven.apache.org/surefire/maven-surefire-plugin/xsd/surefire-test-report.xsd" version="3.0.2" name="com.github.tests.ListRepositoriesTest" time="3.943" tests="2" errors="0" skipped="0" failures="0">
  <properties>
[...]
</properties>
  <testcase name="testListUserRepositories(ExtentTest)" classname="com.github.tests.ListRepositoriesTest" time="1.736">
    <system-out><![CDATA[2024-12-28T02:39:49.591+01:00  INFO 53050 --- [github-automation] [           main] t.c.s.AnnotationConfigContextLoaderUtils : Could not detect default configuration classes for test class [com.github.tests.ListRepositoriesTest]: ListRepositoriesTest does not declare any static, non-private, non-final, nested classes annotated with @Configuration.
2024-12-28T02:39:49.592+01:00  INFO 53050 --- [github-automation] [           main] .b.t.c.SpringBootTestContextBootstrapper : Found @SpringBootConfiguration com.github.GitHubAutomationApplication for test class com.github.tests.ListRepositoriesTest
Test added to map: [engine:junit-jupiter]/[class:com.github.tests.ListRepositoriesTest]/[method:testListUserRepositories(com.aventstack.extentreports.ExtentTest)] -> testListUserRepositories_Success
{
    "id": 909194055,
    "node_id": "R_kgDONjEzRw",
    "name": "test-repo-e941e6",
    "full_name": "mastalerzit/test-repo-e941e6",
    "private": false,
    "owner": {
        "login": "mastalerzit",
        "id": 193018957,
        "node_id": "U_kgDOC4E8TQ",
        "avatar_url": "https://avatars.githubusercontent.com/u/193018957?v=4",
        "gravatar_id": "",
        "url": "https://api.github.com/users/mastalerzit",
        "html_url": "https://github.com/mastalerzit",
        "followers_url": "https://api.github.com/users/mastalerzit/followers",
        "following_url": "https://api.github.com/users/mastalerzit/following{/other_user}",
        "gists_url": "https://api.github.com/users/mastalerzit/gists{/gist_id}",
        "starred_url": "https://api.github.com/users/mastalerzit/starred{/owner}{/repo}",
        "subscriptions_url": "https://api.github.com/users/mastalerzit/subscriptions",
        "organizations_url": "https://api.github.com/users/mastalerzit/orgs",
        "repos_url": "https://api.github.com/users/mastalerzit/repos",
        "events_url": "https://api.github.com/users/mastalerzit/events{/privacy}",
        "received_events_url": "https://api.github.com/users/mastalerzit/received_events",
        "type": "User",
        "user_view_type": "public",
        "site_admin": false
    },
    "html_url": "https://github.com/mastalerzit/test-repo-e941e6",
    "description": "Repository created for list test",
    "fork": false,
    "url": "https://api.github.com/repos/mastalerzit/test-repo-e941e6",
    "forks_url": "https://api.github.com/repos/mastalerzit/test-repo-e941e6/forks",
    "keys_url": "https://api.github.com/repos/mastalerzit/test-repo-e941e6/keys{/key_id}",
    "collaborators_url": "https://api.github.com/repos/mastalerzit/test-repo-e941e6/collaborators{/collaborator}",
    "teams_url": "https://api.github.com/repos/mastalerzit/test-repo-e941e6/teams",
    "hooks_url": "https://api.github.com/repos/mastalerzit/test-repo-e941e6/hooks",
    "issue_events_url": "https://api.github.com/repos/mastalerzit/test-repo-e941e6/issues/events{/number}",
    "events_url": "https://api.github.com/repos/mastalerzit/test-repo-e941e6/events",
    "assignees_url": "https://api.github.com/repos/mastalerzit/test-repo-e941e6/assignees{/user}",
    "branches_url": "https://api.github.com/repos/mastalerzit/test-repo-e941e6/branches{/branch}",
    "tags_url": "https://api.github.com/repos/mastalerzit/test-repo-e941e6/tags",
    "blobs_url": "https://api.github.com/repos/mastalerzit/test-repo-e941e6/git/blobs{/sha}",
    "git_tags_url": "https://api.github.com/repos/mastalerzit/test-repo-e941e6/git/tags{/sha}",
    "git_refs_url": "https://api.github.com/repos/mastalerzit/test-repo-e941e6/git/refs{/sha}",
    "trees_url": "https://api.github.com/repos/mastalerzit/test-repo-e941e6/git/trees{/sha}",
    "statuses_url": "https://api.github.com/repos/mastalerzit/test-repo-e941e6/statuses/{sha}",
    "languages_url": "https://api.github.com/repos/mastalerzit/test-repo-e941e6/languages",
    "stargazers_url": "https://api.github.com/repos/mastalerzit/test-repo-e941e6/stargazers",
    "contributors_url": "https://api.github.com/repos/mastalerzit/test-repo-e941e6/contributors",
    "subscribers_url": "https://api.github.com/repos/mastalerzit/test-repo-e941e6/subscribers",
    "subscription_url": "https://api.github.com/repos/mastalerzit/test-repo-e941e6/subscription",
    "commits_url": "https://api.github.com/repos/mastalerzit/test-repo-e941e6/commits{/sha}",
    "git_commits_url": "https://api.github.com/repos/mastalerzit/test-repo-e941e6/git/commits{/sha}",
    "comments_url": "https://api.github.com/repos/mastalerzit/test-repo-e941e6/comments{/number}",
    "issue_comment_url": "https://api.github.com/repos/mastalerzit/test-repo-e941e6/issues/comments{/number}",
    "contents_url": "https://api.github.com/repos/mastalerzit/test-repo-e941e6/contents/{+path}",
    "compare_url": "https://api.github.com/repos/mastalerzit/test-repo-e941e6/compare/{base}...{head}",
    "merges_url": "https://api.github.com/repos/mastalerzit/test-repo-e941e6/merges",
    "archive_url": "https://api.github.com/repos/mastalerzit/test-repo-e941e6/{archive_format}{/ref}",
    "downloads_url": "https://api.github.com/repos/mastalerzit/test-repo-e941e6/downloads",
    "issues_url": "https://api.github.com/repos/mastalerzit/test-repo-e941e6/issues{/number}",
    "pulls_url": "https://api.github.com/repos/mastalerzit/test-repo-e941e6/pulls{/number}",
    "milestones_url": "https://api.github.com/repos/mastalerzit/test-repo-e941e6/milestones{/number}",
    "notifications_url": "https://api.github.com/repos/mastalerzit/test-repo-e941e6/notifications{?since,all,participating}",
    "labels_url": "https://api.github.com/repos/mastalerzit/test-repo-e941e6/labels{/name}",
    "releases_url": "https://api.github.com/repos/mastalerzit/test-repo-e941e6/releases{/id}",
    "deployments_url": "https://api.github.com/repos/mastalerzit/test-repo-e941e6/deployments",
    "created_at": "2024-12-28T01:39:49Z",
    "updated_at": "2024-12-28T01:39:50Z",
    "pushed_at": "2024-12-28T01:39:50Z",
    "git_url": "git://github.com/mastalerzit/test-repo-e941e6.git",
    "ssh_url": "git@github.com:mastalerzit/test-repo-e941e6.git",
    "clone_url": "https://github.com/mastalerzit/test-repo-e941e6.git",
    "svn_url": "https://github.com/mastalerzit/test-repo-e941e6",
    "homepage": null,
    "size": 0,
    "stargazers_count": 0,
    "watchers_count": 0,
    "language": null,
    "has_issues": true,
    "has_projects": true,
    "has_downloads": true,
    "has_wiki": true,
    "has_pages": false,
    "has_discussions": false,
    "forks_count": 0,
    "mirror_url": null,
    "archived": false,
    "disabled": false,
    "open_issues_count": 0,
    "license": null,
    "allow_forking": true,
    "is_template": false,
    "web_commit_signoff_required": false,
    "topics": [
        
    ],
    "visibility": "public",
    "forks": 0,
    "open_issues": 0,
    "watchers": 0,
    "default_branch": "main",
    "permissions": {
        "admin": true,
        "maintain": true,
        "push": true,
        "triage": true,
        "pull": true
    },
    "allow_squash_merge": true,
    "allow_merge_commit": true,
    "allow_rebase_merge": true,
    "allow_auto_merge": false,
    "delete_branch_on_merge": false,
    "allow_update_branch": false,
    "use_squash_pr_title_as_default": false,
    "squash_merge_commit_message": "COMMIT_MESSAGES",
    "squash_merge_commit_title": "COMMIT_OR_PR_TITLE",
    "merge_commit_message": "PR_TITLE",
    "merge_commit_title": "MERGE_MESSAGE",
    "network_count": 0,
    "subscribers_count": 0
}
[
    {
        "id": 909194055,
        "node_id": "R_kgDONjEzRw",
        "name": "test-repo-e941e6",
        "full_name": "mastalerzit/test-repo-e941e6",
        "private": false,
        "owner": {
            "login": "mastalerzit",
            "id": 193018957,
            "node_id": "U_kgDOC4E8TQ",
            "avatar_url": "https://avatars.githubusercontent.com/u/193018957?v=4",
            "gravatar_id": "",
            "url": "https://api.github.com/users/mastalerzit",
            "html_url": "https://github.com/mastalerzit",
            "followers_url": "https://api.github.com/users/mastalerzit/followers",
            "following_url": "https://api.github.com/users/mastalerzit/following{/other_user}",
            "gists_url": "https://api.github.com/users/mastalerzit/gists{/gist_id}",
            "starred_url": "https://api.github.com/users/mastalerzit/starred{/owner}{/repo}",
            "subscriptions_url": "https://api.github.com/users/mastalerzit/subscriptions",
            "organizations_url": "https://api.github.com/users/mastalerzit/orgs",
            "repos_url": "https://api.github.com/users/mastalerzit/repos",
            "events_url": "https://api.github.com/users/mastalerzit/events{/privacy}",
            "received_events_url": "https://api.github.com/users/mastalerzit/received_events",
            "type": "User",
            "user_view_type": "public",
            "site_admin": false
        },
        "html_url": "https://github.com/mastalerzit/test-repo-e941e6",
        "description": "Repository created for list test",
        "fork": false,
        "url": "https://api.github.com/repos/mastalerzit/test-repo-e941e6",
        "forks_url": "https://api.github.com/repos/mastalerzit/test-repo-e941e6/forks",
        "keys_url": "https://api.github.com/repos/mastalerzit/test-repo-e941e6/keys{/key_id}",
        "collaborators_url": "https://api.github.com/repos/mastalerzit/test-repo-e941e6/collaborators{/collaborator}",
        "teams_url": "https://api.github.com/repos/mastalerzit/test-repo-e941e6/teams",
        "hooks_url": "https://api.github.com/repos/mastalerzit/test-repo-e941e6/hooks",
        "issue_events_url": "https://api.github.com/repos/mastalerzit/test-repo-e941e6/issues/events{/number}",
        "events_url": "https://api.github.com/repos/mastalerzit/test-repo-e941e6/events",
        "assignees_url": "https://api.github.com/repos/mastalerzit/test-repo-e941e6/assignees{/user}",
        "branches_url": "https://api.github.com/repos/mastalerzit/test-repo-e941e6/branches{/branch}",
        "tags_url": "https://api.github.com/repos/mastalerzit/test-repo-e941e6/tags",
        "blobs_url": "https://api.github.com/repos/mastalerzit/test-repo-e941e6/git/blobs{/sha}",
        "git_tags_url": "https://api.github.com/repos/mastalerzit/test-repo-e941e6/git/tags{/sha}",
        "git_refs_url": "https://api.github.com/repos/mastalerzit/test-repo-e941e6/git/refs{/sha}",
        "trees_url": "https://api.github.com/repos/mastalerzit/test-repo-e941e6/git/trees{/sha}",
        "statuses_url": "https://api.github.com/repos/mastalerzit/test-repo-e941e6/statuses/{sha}",
        "languages_url": "https://api.github.com/repos/mastalerzit/test-repo-e941e6/languages",
        "stargazers_url": "https://api.github.com/repos/mastalerzit/test-repo-e941e6/stargazers",
        "contributors_url": "https://api.github.com/repos/mastalerzit/test-repo-e941e6/contributors",
        "subscribers_url": "https://api.github.com/repos/mastalerzit/test-repo-e941e6/subscribers",
        "subscription_url": "https://api.github.com/repos/mastalerzit/test-repo-e941e6/subscription",
        "commits_url": "https://api.github.com/repos/mastalerzit/test-repo-e941e6/commits{/sha}",
        "git_commits_url": "https://api.github.com/repos/mastalerzit/test-repo-e941e6/git/commits{/sha}",
        "comments_url": "https://api.github.com/repos/mastalerzit/test-repo-e941e6/comments{/number}",
        "issue_comment_url": "https://api.github.com/repos/mastalerzit/test-repo-e941e6/issues/comments{/number}",
        "contents_url": "https://api.github.com/repos/mastalerzit/test-repo-e941e6/contents/{+path}",
        "compare_url": "https://api.github.com/repos/mastalerzit/test-repo-e941e6/compare/{base}...{head}",
        "merges_url": "https://api.github.com/repos/mastalerzit/test-repo-e941e6/merges",
        "archive_url": "https://api.github.com/repos/mastalerzit/test-repo-e941e6/{archive_format}{/ref}",
        "downloads_url": "https://api.github.com/repos/mastalerzit/test-repo-e941e6/downloads",
        "issues_url": "https://api.github.com/repos/mastalerzit/test-repo-e941e6/issues{/number}",
        "pulls_url": "https://api.github.com/repos/mastalerzit/test-repo-e941e6/pulls{/number}",
        "milestones_url": "https://api.github.com/repos/mastalerzit/test-repo-e941e6/milestones{/number}",
        "notifications_url": "https://api.github.com/repos/mastalerzit/test-repo-e941e6/notifications{?since,all,participating}",
        "labels_url": "https://api.github.com/repos/mastalerzit/test-repo-e941e6/labels{/name}",
        "releases_url": "https://api.github.com/repos/mastalerzit/test-repo-e941e6/releases{/id}",
        "deployments_url": "https://api.github.com/repos/mastalerzit/test-repo-e941e6/deployments",
        "created_at": "2024-12-28T01:39:49Z",
        "updated_at": "2024-12-28T01:39:50Z",
        "pushed_at": "2024-12-28T01:39:50Z",
        "git_url": "git://github.com/mastalerzit/test-repo-e941e6.git",
        "ssh_url": "git@github.com:mastalerzit/test-repo-e941e6.git",
        "clone_url": "https://github.com/mastalerzit/test-repo-e941e6.git",
        "svn_url": "https://github.com/mastalerzit/test-repo-e941e6",
        "homepage": null,
        "size": 0,
        "stargazers_count": 0,
        "watchers_count": 0,
        "language": null,
        "has_issues": true,
        "has_projects": true,
        "has_downloads": true,
        "has_wiki": true,
        "has_pages": false,
        "has_discussions": false,
        "forks_count": 0,
        "mirror_url": null,
        "archived": false,
        "disabled": false,
        "open_issues_count": 0,
        "license": null,
        "allow_forking": true,
        "is_template": false,
        "web_commit_signoff_required": false,
        "topics": [
            
        ],
        "visibility": "public",
        "forks": 0,
        "open_issues": 0,
        "watchers": 0,
        "default_branch": "main",
        "permissions": {
            "admin": true,
            "maintain": true,
            "push": true,
            "triage": true,
            "pull": true
        }
    }
]

]]></system-out>
  </testcase>
  <testcase name="testListRepositoriesWhenEmpty(ExtentTest)" classname="com.github.tests.ListRepositoriesTest" time="2.199">
    <system-out><![CDATA[Test added to map: [engine:junit-jupiter]/[class:com.github.tests.ListRepositoriesTest]/[method:testListRepositoriesWhenEmpty(com.aventstack.extentreports.ExtentTest)] -> testListRepositories_WhenEmpty
[
    
]
{
    "id": 909194063,
    "node_id": "R_kgDONjEzTw",
    "name": "test-repo-c284f2",
    "full_name": "mastalerzit/test-repo-c284f2",
    "private": false,
    "owner": {
        "login": "mastalerzit",
        "id": 193018957,
        "node_id": "U_kgDOC4E8TQ",
        "avatar_url": "https://avatars.githubusercontent.com/u/193018957?v=4",
        "gravatar_id": "",
        "url": "https://api.github.com/users/mastalerzit",
        "html_url": "https://github.com/mastalerzit",
        "followers_url": "https://api.github.com/users/mastalerzit/followers",
        "following_url": "https://api.github.com/users/mastalerzit/following{/other_user}",
        "gists_url": "https://api.github.com/users/mastalerzit/gists{/gist_id}",
        "starred_url": "https://api.github.com/users/mastalerzit/starred{/owner}{/repo}",
        "subscriptions_url": "https://api.github.com/users/mastalerzit/subscriptions",
        "organizations_url": "https://api.github.com/users/mastalerzit/orgs",
        "repos_url": "https://api.github.com/users/mastalerzit/repos",
        "events_url": "https://api.github.com/users/mastalerzit/events{/privacy}",
        "received_events_url": "https://api.github.com/users/mastalerzit/received_events",
        "type": "User",
        "user_view_type": "public",
        "site_admin": false
    },
    "html_url": "https://github.com/mastalerzit/test-repo-c284f2",
    "description": "Repository created for list test",
    "fork": false,
    "url": "https://api.github.com/repos/mastalerzit/test-repo-c284f2",
    "forks_url": "https://api.github.com/repos/mastalerzit/test-repo-c284f2/forks",
    "keys_url": "https://api.github.com/repos/mastalerzit/test-repo-c284f2/keys{/key_id}",
    "collaborators_url": "https://api.github.com/repos/mastalerzit/test-repo-c284f2/collaborators{/collaborator}",
    "teams_url": "https://api.github.com/repos/mastalerzit/test-repo-c284f2/teams",
    "hooks_url": "https://api.github.com/repos/mastalerzit/test-repo-c284f2/hooks",
    "issue_events_url": "https://api.github.com/repos/mastalerzit/test-repo-c284f2/issues/events{/number}",
    "events_url": "https://api.github.com/repos/mastalerzit/test-repo-c284f2/events",
    "assignees_url": "https://api.github.com/repos/mastalerzit/test-repo-c284f2/assignees{/user}",
    "branches_url": "https://api.github.com/repos/mastalerzit/test-repo-c284f2/branches{/branch}",
    "tags_url": "https://api.github.com/repos/mastalerzit/test-repo-c284f2/tags",
    "blobs_url": "https://api.github.com/repos/mastalerzit/test-repo-c284f2/git/blobs{/sha}",
    "git_tags_url": "https://api.github.com/repos/mastalerzit/test-repo-c284f2/git/tags{/sha}",
    "git_refs_url": "https://api.github.com/repos/mastalerzit/test-repo-c284f2/git/refs{/sha}",
    "trees_url": "https://api.github.com/repos/mastalerzit/test-repo-c284f2/git/trees{/sha}",
    "statuses_url": "https://api.github.com/repos/mastalerzit/test-repo-c284f2/statuses/{sha}",
    "languages_url": "https://api.github.com/repos/mastalerzit/test-repo-c284f2/languages",
    "stargazers_url": "https://api.github.com/repos/mastalerzit/test-repo-c284f2/stargazers",
    "contributors_url": "https://api.github.com/repos/mastalerzit/test-repo-c284f2/contributors",
    "subscribers_url": "https://api.github.com/repos/mastalerzit/test-repo-c284f2/subscribers",
    "subscription_url": "https://api.github.com/repos/mastalerzit/test-repo-c284f2/subscription",
    "commits_url": "https://api.github.com/repos/mastalerzit/test-repo-c284f2/commits{/sha}",
    "git_commits_url": "https://api.github.com/repos/mastalerzit/test-repo-c284f2/git/commits{/sha}",
    "comments_url": "https://api.github.com/repos/mastalerzit/test-repo-c284f2/comments{/number}",
    "issue_comment_url": "https://api.github.com/repos/mastalerzit/test-repo-c284f2/issues/comments{/number}",
    "contents_url": "https://api.github.com/repos/mastalerzit/test-repo-c284f2/contents/{+path}",
    "compare_url": "https://api.github.com/repos/mastalerzit/test-repo-c284f2/compare/{base}...{head}",
    "merges_url": "https://api.github.com/repos/mastalerzit/test-repo-c284f2/merges",
    "archive_url": "https://api.github.com/repos/mastalerzit/test-repo-c284f2/{archive_format}{/ref}",
    "downloads_url": "https://api.github.com/repos/mastalerzit/test-repo-c284f2/downloads",
    "issues_url": "https://api.github.com/repos/mastalerzit/test-repo-c284f2/issues{/number}",
    "pulls_url": "https://api.github.com/repos/mastalerzit/test-repo-c284f2/pulls{/number}",
    "milestones_url": "https://api.github.com/repos/mastalerzit/test-repo-c284f2/milestones{/number}",
    "notifications_url": "https://api.github.com/repos/mastalerzit/test-repo-c284f2/notifications{?since,all,participating}",
    "labels_url": "https://api.github.com/repos/mastalerzit/test-repo-c284f2/labels{/name}",
    "releases_url": "https://api.github.com/repos/mastalerzit/test-repo-c284f2/releases{/id}",
    "deployments_url": "https://api.github.com/repos/mastalerzit/test-repo-c284f2/deployments",
    "created_at": "2024-12-28T01:39:51Z",
    "updated_at": "2024-12-28T01:39:52Z",
    "pushed_at": "2024-12-28T01:39:52Z",
    "git_url": "git://github.com/mastalerzit/test-repo-c284f2.git",
    "ssh_url": "git@github.com:mastalerzit/test-repo-c284f2.git",
    "clone_url": "https://github.com/mastalerzit/test-repo-c284f2.git",
    "svn_url": "https://github.com/mastalerzit/test-repo-c284f2",
    "homepage": null,
    "size": 0,
    "stargazers_count": 0,
    "watchers_count": 0,
    "language": null,
    "has_issues": true,
    "has_projects": true,
    "has_downloads": true,
    "has_wiki": true,
    "has_pages": false,
    "has_discussions": false,
    "forks_count": 0,
    "mirror_url": null,
    "archived": false,
    "disabled": false,
    "open_issues_count": 0,
    "license": null,
    "allow_forking": true,
    "is_template": false,
    "web_commit_signoff_required": false,
    "topics": [
        
    ],
    "visibility": "public",
    "forks": 0,
    "open_issues": 0,
    "watchers": 0,
    "default_branch": "main",
    "permissions": {
        "admin": true,
        "maintain": true,
        "push": true,
        "triage": true,
        "pull": true
    },
    "allow_squash_merge": true,
    "allow_merge_commit": true,
    "allow_rebase_merge": true,
    "allow_auto_merge": false,
    "delete_branch_on_merge": false,
    "allow_update_branch": false,
    "use_squash_pr_title_as_default": false,
    "squash_merge_commit_message": "COMMIT_MESSAGES",
    "squash_merge_commit_title": "COMMIT_OR_PR_TITLE",
    "merge_commit_message": "PR_TITLE",
    "merge_commit_title": "MERGE_MESSAGE",
    "network_count": 0,
    "subscribers_count": 0
}

[
    
]
{
    "message": "Not Found",
    "documentation_url": "https://docs.github.com/rest/repos/repos#delete-a-repository",
    "status": "404"
}
]]></system-out>
  </testcase>
</testsuite>