<?xml version="1.0" encoding="UTF-8"?>
<testsuite xmlns:xsi="http://www.w3.org/2001/XMLSchema-instance" xsi:noNamespaceSchemaLocation="https://maven.apache.org/surefire/maven-surefire-plugin/xsd/surefire-test-report.xsd" version="3.0.2" name="com.github.tests.CreateRepositoryTest" time="3.64" tests="4" errors="0" skipped="0" failures="0">
  <properties>
[...]
</properties>
  <testcase name="testCreateNewRepository(ExtentTest)" classname="com.github.tests.CreateRepositoryTest" time="1.354">
    <system-out><![CDATA[2024-12-28T02:39:38.977+01:00  INFO 53050 --- [github-automation] [           main] t.c.s.AnnotationConfigContextLoaderUtils : Could not detect default configuration classes for test class [com.github.tests.CreateRepositoryTest]: CreateRepositoryTest does not declare any static, non-private, non-final, nested classes annotated with @Configuration.
2024-12-28T02:39:38.978+01:00  INFO 53050 --- [github-automation] [           main] .b.t.c.SpringBootTestContextBootstrapper : Found @SpringBootConfiguration com.github.GitHubAutomationApplication for test class com.github.tests.CreateRepositoryTest
Test added to map: [engine:junit-jupiter]/[class:com.github.tests.CreateRepositoryTest]/[method:testCreateNewRepository(com.aventstack.extentreports.ExtentTest)] -> testCreateNewRepository_Success
{
    "id": 909194017,
    "node_id": "R_kgDONjEzIQ",
    "name": "test-repo-33f554",
    "full_name": "mastalerzit/test-repo-33f554",
    "private": false,
    "owner": {
        "login": "mastalerzit",
        "id": 193018957,
        "node_id": "U_kgDOC4E8TQ",
        "avatar_url": "https://avatars.githubusercontent.com/u/193018957?v=4",
        "gravatar_id": "",
        "url": "https://api.github.com/users/mastalerzit",
        "html_url": "https://github.com/mastalerzit",
        "followers_url": "https://api.github.com/users/mastalerzit/followers",
        "following_url": "https://api.github.com/users/mastalerzit/following{/other_user}",
        "gists_url": "https://api.github.com/users/mastalerzit/gists{/gist_id}",
        "starred_url": "https://api.github.com/users/mastalerzit/starred{/owner}{/repo}",
        "subscriptions_url": "https://api.github.com/users/mastalerzit/subscriptions",
        "organizations_url": "https://api.github.com/users/mastalerzit/orgs",
        "repos_url": "https://api.github.com/users/mastalerzit/repos",
        "events_url": "https://api.github.com/users/mastalerzit/events{/privacy}",
        "received_events_url": "https://api.github.com/users/mastalerzit/received_events",
        "type": "User",
        "user_view_type": "public",
        "site_admin": false
    },
    "html_url": "https://github.com/mastalerzit/test-repo-33f554",
    "description": "Repository created by test",
    "fork": false,
    "url": "https://api.github.com/repos/mastalerzit/test-repo-33f554",
    "forks_url": "https://api.github.com/repos/mastalerzit/test-repo-33f554/forks",
    "keys_url": "https://api.github.com/repos/mastalerzit/test-repo-33f554/keys{/key_id}",
    "collaborators_url": "https://api.github.com/repos/mastalerzit/test-repo-33f554/collaborators{/collaborator}",
    "teams_url": "https://api.github.com/repos/mastalerzit/test-repo-33f554/teams",
    "hooks_url": "https://api.github.com/repos/mastalerzit/test-repo-33f554/hooks",
    "issue_events_url": "https://api.github.com/repos/mastalerzit/test-repo-33f554/issues/events{/number}",
    "events_url": "https://api.github.com/repos/mastalerzit/test-repo-33f554/events",
    "assignees_url": "https://api.github.com/repos/mastalerzit/test-repo-33f554/assignees{/user}",
    "branches_url": "https://api.github.com/repos/mastalerzit/test-repo-33f554/branches{/branch}",
    "tags_url": "https://api.github.com/repos/mastalerzit/test-repo-33f554/tags",
    "blobs_url": "https://api.github.com/repos/mastalerzit/test-repo-33f554/git/blobs{/sha}",
    "git_tags_url": "https://api.github.com/repos/mastalerzit/test-repo-33f554/git/tags{/sha}",
    "git_refs_url": "https://api.github.com/repos/mastalerzit/test-repo-33f554/git/refs{/sha}",
    "trees_url": "https://api.github.com/repos/mastalerzit/test-repo-33f554/git/trees{/sha}",
    "statuses_url": "https://api.github.com/repos/mastalerzit/test-repo-33f554/statuses/{sha}",
    "languages_url": "https://api.github.com/repos/mastalerzit/test-repo-33f554/languages",
    "stargazers_url": "https://api.github.com/repos/mastalerzit/test-repo-33f554/stargazers",
    "contributors_url": "https://api.github.com/repos/mastalerzit/test-repo-33f554/contributors",
    "subscribers_url": "https://api.github.com/repos/mastalerzit/test-repo-33f554/subscribers",
    "subscription_url": "https://api.github.com/repos/mastalerzit/test-repo-33f554/subscription",
    "commits_url": "https://api.github.com/repos/mastalerzit/test-repo-33f554/commits{/sha}",
    "git_commits_url": "https://api.github.com/repos/mastalerzit/test-repo-33f554/git/commits{/sha}",
    "comments_url": "https://api.github.com/repos/mastalerzit/test-repo-33f554/comments{/number}",
    "issue_comment_url": "https://api.github.com/repos/mastalerzit/test-repo-33f554/issues/comments{/number}",
    "contents_url": "https://api.github.com/repos/mastalerzit/test-repo-33f554/contents/{+path}",
    "compare_url": "https://api.github.com/repos/mastalerzit/test-repo-33f554/compare/{base}...{head}",
    "merges_url": "https://api.github.com/repos/mastalerzit/test-repo-33f554/merges",
    "archive_url": "https://api.github.com/repos/mastalerzit/test-repo-33f554/{archive_format}{/ref}",
    "downloads_url": "https://api.github.com/repos/mastalerzit/test-repo-33f554/downloads",
    "issues_url": "https://api.github.com/repos/mastalerzit/test-repo-33f554/issues{/number}",
    "pulls_url": "https://api.github.com/repos/mastalerzit/test-repo-33f554/pulls{/number}",
    "milestones_url": "https://api.github.com/repos/mastalerzit/test-repo-33f554/milestones{/number}",
    "notifications_url": "https://api.github.com/repos/mastalerzit/test-repo-33f554/notifications{?since,all,participating}",
    "labels_url": "https://api.github.com/repos/mastalerzit/test-repo-33f554/labels{/name}",
    "releases_url": "https://api.github.com/repos/mastalerzit/test-repo-33f554/releases{/id}",
    "deployments_url": "https://api.github.com/repos/mastalerzit/test-repo-33f554/deployments",
    "created_at": "2024-12-28T01:39:39Z",
    "updated_at": "2024-12-28T01:39:39Z",
    "pushed_at": "2024-12-28T01:39:39Z",
    "git_url": "git://github.com/mastalerzit/test-repo-33f554.git",
    "ssh_url": "git@github.com:mastalerzit/test-repo-33f554.git",
    "clone_url": "https://github.com/mastalerzit/test-repo-33f554.git",
    "svn_url": "https://github.com/mastalerzit/test-repo-33f554",
    "homepage": null,
    "size": 0,
    "stargazers_count": 0,
    "watchers_count": 0,
    "language": null,
    "has_issues": true,
    "has_projects": true,
    "has_downloads": true,
    "has_wiki": true,
    "has_pages": false,
    "has_discussions": false,
    "forks_count": 0,
    "mirror_url": null,
    "archived": false,
    "disabled": false,
    "open_issues_count": 0,
    "license": null,
    "allow_forking": true,
    "is_template": false,
    "web_commit_signoff_required": false,
    "topics": [
        
    ],
    "visibility": "public",
    "forks": 0,
    "open_issues": 0,
    "watchers": 0,
    "default_branch": "main",
    "permissions": {
        "admin": true,
        "maintain": true,
        "push": true,
        "triage": true,
        "pull": true
    },
    "allow_squash_merge": true,
    "allow_merge_commit": true,
    "allow_rebase_merge": true,
    "allow_auto_merge": false,
    "delete_branch_on_merge": false,
    "allow_update_branch": false,
    "use_squash_pr_title_as_default": false,
    "squash_merge_commit_message": "COMMIT_MESSAGES",
    "squash_merge_commit_title": "COMMIT_OR_PR_TITLE",
    "merge_commit_message": "PR_TITLE",
    "merge_commit_title": "MERGE_MESSAGE",
    "network_count": 0,
    "subscribers_count": 0
}

]]></system-out>
  </testcase>
  <testcase name="testCreateRepositoryWithInvalidName(ExtentTest)" classname="com.github.tests.CreateRepositoryTest" time="0.31">
    <system-out><![CDATA[Test added to map: [engine:junit-jupiter]/[class:com.github.tests.CreateRepositoryTest]/[method:testCreateRepositoryWithInvalidName(com.aventstack.extentreports.ExtentTest)] -> testCreateRepositoryWithInvalidName_Failure
{
    "message": "Repository creation failed.",
    "errors": [
        {
            "resource": "Repository",
            "code": "missing_field",
            "field": "name"
        },
        {
            "resource": "Repository",
            "code": "custom",
            "field": "name",
            "message": "name is too short (minimum is 1 character)"
        }
    ],
    "documentation_url": "https://docs.github.com/rest/repos/repos#create-a-repository-for-the-authenticated-user",
    "status": "422"
}
]]></system-out>
  </testcase>
  <testcase name="testCreateRepositoryWithDuplicateName(ExtentTest)" classname="com.github.tests.CreateRepositoryTest" time="1.697">
    <system-out><![CDATA[Test added to map: [engine:junit-jupiter]/[class:com.github.tests.CreateRepositoryTest]/[method:testCreateRepositoryWithDuplicateName(com.aventstack.extentreports.ExtentTest)] -> testCreateRepositoryWithDuplicateName_Failure
{
    "id": 909194024,
    "node_id": "R_kgDONjEzKA",
    "name": "test-repo-ac3ed0",
    "full_name": "mastalerzit/test-repo-ac3ed0",
    "private": false,
    "owner": {
        "login": "mastalerzit",
        "id": 193018957,
        "node_id": "U_kgDOC4E8TQ",
        "avatar_url": "https://avatars.githubusercontent.com/u/193018957?v=4",
        "gravatar_id": "",
        "url": "https://api.github.com/users/mastalerzit",
        "html_url": "https://github.com/mastalerzit",
        "followers_url": "https://api.github.com/users/mastalerzit/followers",
        "following_url": "https://api.github.com/users/mastalerzit/following{/other_user}",
        "gists_url": "https://api.github.com/users/mastalerzit/gists{/gist_id}",
        "starred_url": "https://api.github.com/users/mastalerzit/starred{/owner}{/repo}",
        "subscriptions_url": "https://api.github.com/users/mastalerzit/subscriptions",
        "organizations_url": "https://api.github.com/users/mastalerzit/orgs",
        "repos_url": "https://api.github.com/users/mastalerzit/repos",
        "events_url": "https://api.github.com/users/mastalerzit/events{/privacy}",
        "received_events_url": "https://api.github.com/users/mastalerzit/received_events",
        "type": "User",
        "user_view_type": "public",
        "site_admin": false
    },
    "html_url": "https://github.com/mastalerzit/test-repo-ac3ed0",
    "description": "Initial repository creation for duplicate test",
    "fork": false,
    "url": "https://api.github.com/repos/mastalerzit/test-repo-ac3ed0",
    "forks_url": "https://api.github.com/repos/mastalerzit/test-repo-ac3ed0/forks",
    "keys_url": "https://api.github.com/repos/mastalerzit/test-repo-ac3ed0/keys{/key_id}",
    "collaborators_url": "https://api.github.com/repos/mastalerzit/test-repo-ac3ed0/collaborators{/collaborator}",
    "teams_url": "https://api.github.com/repos/mastalerzit/test-repo-ac3ed0/teams",
    "hooks_url": "https://api.github.com/repos/mastalerzit/test-repo-ac3ed0/hooks",
    "issue_events_url": "https://api.github.com/repos/mastalerzit/test-repo-ac3ed0/issues/events{/number}",
    "events_url": "https://api.github.com/repos/mastalerzit/test-repo-ac3ed0/events",
    "assignees_url": "https://api.github.com/repos/mastalerzit/test-repo-ac3ed0/assignees{/user}",
    "branches_url": "https://api.github.com/repos/mastalerzit/test-repo-ac3ed0/branches{/branch}",
    "tags_url": "https://api.github.com/repos/mastalerzit/test-repo-ac3ed0/tags",
    "blobs_url": "https://api.github.com/repos/mastalerzit/test-repo-ac3ed0/git/blobs{/sha}",
    "git_tags_url": "https://api.github.com/repos/mastalerzit/test-repo-ac3ed0/git/tags{/sha}",
    "git_refs_url": "https://api.github.com/repos/mastalerzit/test-repo-ac3ed0/git/refs{/sha}",
    "trees_url": "https://api.github.com/repos/mastalerzit/test-repo-ac3ed0/git/trees{/sha}",
    "statuses_url": "https://api.github.com/repos/mastalerzit/test-repo-ac3ed0/statuses/{sha}",
    "languages_url": "https://api.github.com/repos/mastalerzit/test-repo-ac3ed0/languages",
    "stargazers_url": "https://api.github.com/repos/mastalerzit/test-repo-ac3ed0/stargazers",
    "contributors_url": "https://api.github.com/repos/mastalerzit/test-repo-ac3ed0/contributors",
    "subscribers_url": "https://api.github.com/repos/mastalerzit/test-repo-ac3ed0/subscribers",
    "subscription_url": "https://api.github.com/repos/mastalerzit/test-repo-ac3ed0/subscription",
    "commits_url": "https://api.github.com/repos/mastalerzit/test-repo-ac3ed0/commits{/sha}",
    "git_commits_url": "https://api.github.com/repos/mastalerzit/test-repo-ac3ed0/git/commits{/sha}",
    "comments_url": "https://api.github.com/repos/mastalerzit/test-repo-ac3ed0/comments{/number}",
    "issue_comment_url": "https://api.github.com/repos/mastalerzit/test-repo-ac3ed0/issues/comments{/number}",
    "contents_url": "https://api.github.com/repos/mastalerzit/test-repo-ac3ed0/contents/{+path}",
    "compare_url": "https://api.github.com/repos/mastalerzit/test-repo-ac3ed0/compare/{base}...{head}",
    "merges_url": "https://api.github.com/repos/mastalerzit/test-repo-ac3ed0/merges",
    "archive_url": "https://api.github.com/repos/mastalerzit/test-repo-ac3ed0/{archive_format}{/ref}",
    "downloads_url": "https://api.github.com/repos/mastalerzit/test-repo-ac3ed0/downloads",
    "issues_url": "https://api.github.com/repos/mastalerzit/test-repo-ac3ed0/issues{/number}",
    "pulls_url": "https://api.github.com/repos/mastalerzit/test-repo-ac3ed0/pulls{/number}",
    "milestones_url": "https://api.github.com/repos/mastalerzit/test-repo-ac3ed0/milestones{/number}",
    "notifications_url": "https://api.github.com/repos/mastalerzit/test-repo-ac3ed0/notifications{?since,all,participating}",
    "labels_url": "https://api.github.com/repos/mastalerzit/test-repo-ac3ed0/labels{/name}",
    "releases_url": "https://api.github.com/repos/mastalerzit/test-repo-ac3ed0/releases{/id}",
    "deployments_url": "https://api.github.com/repos/mastalerzit/test-repo-ac3ed0/deployments",
    "created_at": "2024-12-28T01:39:40Z",
    "updated_at": "2024-12-28T01:39:41Z",
    "pushed_at": "2024-12-28T01:39:41Z",
    "git_url": "git://github.com/mastalerzit/test-repo-ac3ed0.git",
    "ssh_url": "git@github.com:mastalerzit/test-repo-ac3ed0.git",
    "clone_url": "https://github.com/mastalerzit/test-repo-ac3ed0.git",
    "svn_url": "https://github.com/mastalerzit/test-repo-ac3ed0",
    "homepage": null,
    "size": 0,
    "stargazers_count": 0,
    "watchers_count": 0,
    "language": null,
    "has_issues": true,
    "has_projects": true,
    "has_downloads": true,
    "has_wiki": true,
    "has_pages": false,
    "has_discussions": false,
    "forks_count": 0,
    "mirror_url": null,
    "archived": false,
    "disabled": false,
    "open_issues_count": 0,
    "license": null,
    "allow_forking": true,
    "is_template": false,
    "web_commit_signoff_required": false,
    "topics": [
        
    ],
    "visibility": "public",
    "forks": 0,
    "open_issues": 0,
    "watchers": 0,
    "default_branch": "main",
    "permissions": {
        "admin": true,
        "maintain": true,
        "push": true,
        "triage": true,
        "pull": true
    },
    "allow_squash_merge": true,
    "allow_merge_commit": true,
    "allow_rebase_merge": true,
    "allow_auto_merge": false,
    "delete_branch_on_merge": false,
    "allow_update_branch": false,
    "use_squash_pr_title_as_default": false,
    "squash_merge_commit_message": "COMMIT_MESSAGES",
    "squash_merge_commit_title": "COMMIT_OR_PR_TITLE",
    "merge_commit_message": "PR_TITLE",
    "merge_commit_title": "MERGE_MESSAGE",
    "network_count": 0,
    "subscribers_count": 0
}
{
    "message": "Repository creation failed.",
    "errors": [
        {
            "resource": "Repository",
            "code": "custom",
            "field": "name",
            "message": "name already exists on this account"
        }
    ],
    "documentation_url": "https://docs.github.com/rest/repos/repos#create-a-repository-for-the-authenticated-user",
    "status": "422"
}

]]></system-out>
  </testcase>
  <testcase name="testCreateRepositoryWithoutAuthorization(ExtentTest)" classname="com.github.tests.CreateRepositoryTest" time="0.268">
    <system-out><![CDATA[Test added to map: [engine:junit-jupiter]/[class:com.github.tests.CreateRepositoryTest]/[method:testCreateRepositoryWithoutAuthorization(com.aventstack.extentreports.ExtentTest)] -> testCreateRepositoryWithoutAuthorization_Failure
{
    "message": "Bad credentials",
    "documentation_url": "https://docs.github.com/rest",
    "status": "401"
}
]]></system-out>
  </testcase>
</testsuite>